PUT _xpack/watcher/watch/mywatch
{
  "trigger": {
    "schedule": {
      "interval": "10m"
    }
  },
  "input": {
    "search": {
      "request": {
        "indices": [
          "hotel"
        ],
        "body": {
          "aggs": {
            "countries": {
              "terms": {
                "field": "country.keyword",
                "size": 4,
                "order": {
                  "_key": "desc"
                }
              }
            }
          }
        }
      }
    }
  },
  "condition": {
    "script": {
      "source": "return true"
    }
  },
  "actions": {
    "log2": {
      "transform": {
        "script": """
        def countries = ctx.payload.aggregations.countries.buckets;
        def unique_countries = new ArrayList();
        for (int i = 0; i < countries.size(); i++) {
            def kore = ((String)countries[i].key);
            if  (! unique_countries.contains(kore)) {
              unique_countries.add((String)countries[i].key);
            }     
      
        }
     
        return [ 'unique_countries' : unique_countries.toString() ];
        """
      },
      "logging": {
        "text": "{{ctx.payload.unique_countries}}"
      }
    }
  }
}
